# JRE version: Java(TM) SE Runtime Environment (8.0_111-b14) (build 1.8.0_111-b14)
# Java VM: Java HotSpot(TM) 64-Bit Server VM (25.111-b14 mixed mode windows-amd64 compressed oops)
Heap:
 PSYoungGen      total 18432K, used 708K [0x00000000eb700000, 0x00000000edb00000, 0x0000000100000000)
  eden space 15872K, 4% used [0x00000000eb700000,0x00000000eb7b12b8,0x00000000ec680000)
  from space 2560K, 0% used [0x00000000ec680000,0x00000000ec680000,0x00000000ec900000)
  to   space 2560K, 0% used [0x00000000ed880000,0x00000000ed880000,0x00000000edb00000)
 ParOldGen       total 42496K, used 32696K [0x00000000c2400000, 0x00000000c4d80000, 0x00000000eb700000)
  object space 42496K, 76% used [0x00000000c2400000,0x00000000c43ee3b0,0x00000000c4d80000)
 Metaspace       used 8198K, capacity 8402K, committed 8448K, reserved 1056768K
  class space    used 925K, capacity 1001K, committed 1024K, reserved 1048576K
GC Heap History (8 events):
Event: 9179.579 GC heap before
{Heap before GC invocations=1 (full 0):
 PSYoungGen      total 18432K, used 15872K [0x00000000eb700000, 0x00000000ecb80000, 0x0000000100000000)
  eden space 15872K, 100% used [0x00000000eb700000,0x00000000ec680000,0x00000000ec680000)
  from space 2560K, 0% used [0x00000000ec900000,0x00000000ec900000,0x00000000ecb80000)
  to   space 2560K, 0% used [0x00000000ec680000,0x00000000ec680000,0x00000000ec900000)
 ParOldGen       total 42496K, used 0K [0x00000000c2400000, 0x00000000c4d80000, 0x00000000eb700000)
  object space 42496K, 0% used [0x00000000c2400000,0x00000000c2400000,0x00000000c4d80000)
 Metaspace       used 7460K, capacity 7654K, committed 7936K, reserved 1056768K
  class space    used 869K, capacity 933K, committed 1024K, reserved 1048576K
Event: 9182.001 GC heap after
Heap after GC invocations=1 (full 0):
 PSYoungGen      total 18432K, used 2546K [0x00000000eb700000, 0x00000000ecb80000, 0x0000000100000000)
  eden space 15872K, 0% used [0x00000000eb700000,0x00000000eb700000,0x00000000ec680000)
  from space 2560K, 99% used [0x00000000ec680000,0x00000000ec8fca38,0x00000000ec900000)
  to   space 2560K, 0% used [0x00000000ec900000,0x00000000ec900000,0x00000000ecb80000)
 ParOldGen       total 42496K, used 156K [0x00000000c2400000, 0x00000000c4d80000, 0x00000000eb700000)
  object space 42496K, 0% used [0x00000000c2400000,0x00000000c2427010,0x00000000c4d80000)
 Metaspace       used 7460K, capacity 7654K, committed 7936K, reserved 1056768K
  class space    used 869K, capacity 933K, committed 1024K, reserved 1048576K
}
Event: 9237.649 GC heap before
{Heap before GC invocations=2 (full 0):
 PSYoungGen      total 18432K, used 18418K [0x00000000eb700000, 0x00000000ecb80000, 0x0000000100000000)
  eden space 15872K, 100% used [0x00000000eb700000,0x00000000ec680000,0x00000000ec680000)
  from space 2560K, 99% used [0x00000000ec680000,0x00000000ec8fca38,0x00000000ec900000)
  to   space 2560K, 0% used [0x00000000ec900000,0x00000000ec900000,0x00000000ecb80000)
 ParOldGen       total 42496K, used 15226K [0x00000000c2400000, 0x00000000c4d80000, 0x00000000eb700000)
  object space 42496K, 35% used [0x00000000c2400000,0x00000000c32dea20,0x00000000c4d80000)
 Metaspace       used 8096K, capacity 8284K, committed 8448K, reserved 1056768K
  class space    used 924K, capacity 1006K, committed 1024K, reserved 1048576K
Event: 9238.317 GC heap after
Heap after GC invocations=2 (full 0):
 PSYoungGen      total 18432K, used 2551K [0x00000000eb700000, 0x00000000ecb80000, 0x0000000100000000)
  eden space 15872K, 0% used [0x00000000eb700000,0x00000000eb700000,0x00000000ec680000)
  from space 2560K, 99% used [0x00000000ec900000,0x00000000ecb7de58,0x00000000ecb80000)
  to   space 2560K, 0% used [0x00000000ec680000,0x00000000ec680000,0x00000000ec900000)
 ParOldGen       total 42496K, used 20525K [0x00000000c2400000, 0x00000000c4d80000, 0x00000000eb700000)
  object space 42496K, 48% used [0x00000000c2400000,0x00000000c380b698,0x00000000c4d80000)
 Metaspace       used 8096K, capacity 8284K, committed 8448K, reserved 1056768K
  class space    used 924K, capacity 1006K, committed 1024K, reserved 1048576K
}
Event: 9242.007 GC heap before
{Heap before GC invocations=3 (full 0):
 PSYoungGen      total 18432K, used 18423K [0x00000000eb700000, 0x00000000ecb80000, 0x0000000100000000)
  eden space 15872K, 100% used [0x00000000eb700000,0x00000000ec680000,0x00000000ec680000)
  from space 2560K, 99% used [0x00000000ec900000,0x00000000ecb7de58,0x00000000ecb80000)
  to   space 2560K, 0% used [0x00000000ec680000,0x00000000ec680000,0x00000000ec900000)
 ParOldGen       total 42496K, used 20525K [0x00000000c2400000, 0x00000000c4d80000, 0x00000000eb700000)
  object space 42496K, 48% used [0x00000000c2400000,0x00000000c380b698,0x00000000c4d80000)
 Metaspace       used 8204K, capacity 8412K, committed 8448K, reserved 1056768K
  class space    used 928K, capacity 1006K, committed 1024K, reserved 1048576K
Event: 9242.832 GC heap after
Heap after GC invocations=3 (full 0):
 PSYoungGen      total 18432K, used 2551K [0x00000000eb700000, 0x00000000edb00000, 0x0000000100000000)
  eden space 15872K, 0% used [0x00000000eb700000,0x00000000eb700000,0x00000000ec680000)
  from space 2560K, 99% used [0x00000000ec680000,0x00000000ec8fde58,0x00000000ec900000)
  to   space 2560K, 0% used [0x00000000ed880000,0x00000000ed880000,0x00000000edb00000)
 ParOldGen       total 42496K, used 30656K [0x00000000c2400000, 0x00000000c4d80000, 0x00000000eb700000)
  object space 42496K, 72% used [0x00000000c2400000,0x00000000c41f01b8,0x00000000c4d80000)
 Metaspace       used 8204K, capacity 8412K, committed 8448K, reserved 1056768K
  class space    used 928K, capacity 1006K, committed 1024K, reserved 1048576K
}
Event: 9242.832 GC heap before
{Heap before GC invocations=4 (full 1):
 PSYoungGen      total 18432K, used 2551K [0x00000000eb700000, 0x00000000edb00000, 0x0000000100000000)
  eden space 15872K, 0% used [0x00000000eb700000,0x00000000eb700000,0x00000000ec680000)
  from space 2560K, 99% used [0x00000000ec680000,0x00000000ec8fde58,0x00000000ec900000)
  to   space 2560K, 0% used [0x00000000ed880000,0x00000000ed880000,0x00000000edb00000)
 ParOldGen       total 42496K, used 30656K [0x00000000c2400000, 0x00000000c4d80000, 0x00000000eb700000)
  object space 42496K, 72% used [0x00000000c2400000,0x00000000c41f01b8,0x00000000c4d80000)
 Metaspace       used 8204K, capacity 8412K, committed 8448K, reserved 1056768K
  class space    used 928K, capacity 1006K, committed 1024K, reserved 1048576K
Event: 9264.853 GC heap after
Heap after GC invocations=4 (full 1):
 PSYoungGen      total 18432K, used 0K [0x00000000eb700000, 0x00000000edb00000, 0x0000000100000000)
  eden space 15872K, 0% used [0x00000000eb700000,0x00000000eb700000,0x00000000ec680000)
  from space 2560K, 0% used [0x00000000ec680000,0x00000000ec680000,0x00000000ec900000)
  to   space 2560K, 0% used [0x00000000ed880000,0x00000000ed880000,0x00000000edb00000)
 ParOldGen       total 42496K, used 32696K [0x00000000c2400000, 0x00000000c4d80000, 0x00000000eb700000)
  object space 42496K, 76% used [0x00000000c2400000,0x00000000c43ee3b0,0x00000000c4d80000)
 Metaspace       used 8198K, capacity 8402K, committed 8448K, reserved 1056768K
  class space    used 925K, capacity 1001K, committed 1024K, reserved 1048576K
}

